<?xml version="1.0" encoding="UTF-8"?>
<!-- Generated by org.testng.reporters.JUnitReportReporter -->
<testsuite hostname="DESKTOP-HNR5CK4" failures="0" tests="2" name="testCasese2e.testcase" time="0.027" errors="0" timestamp="2021-09-07T19:23:46 GMT+05:30" skipped="0">
  <testcase classname="testCasese2e.testcase" name="Test1" time="0.011"/>
  <system-out/>
  <testcase classname="testCasese2e.testcase" name="Test2" time="0.016"/>
  <system-out/>
</testsuite> <!-- testCasese2e.testcase -->
