<?xml version="1.0" encoding="UTF-8"?>
<!-- Generated by org.testng.reporters.JUnitReportReporter -->
<testsuite hostname="DESKTOP-HNR5CK4" failures="0" tests="2" name="testCasese2e.HomePageTest" time="22.907" errors="0" timestamp="2021-09-04T19:49:22 GMT+05:30" skipped="0">
  <testcase classname="testCasese2e.HomePageTest" name="basePagenavigation" time="6.472"/>
  <system-out/>
  <testcase classname="testCasese2e.HomePageTest" name="basePagenavigation" time="16.435"/>
  <system-out/>
</testsuite> <!-- testCasese2e.HomePageTest -->
